platforms/tempPlugin/nativescript_telephony/build/outputs/logs/manifest-merger-release-report.txt
-- Merging decision tree log ---
manifest
ADDED from src\main\AndroidManifest.xml:2:1-4:12
INJECTED from src\main\AndroidManifest.xml:2:1-4:12
INJECTED from src\main\AndroidManifest.xml:2:1-4:12
INJECTED from src\main\AndroidManifest.xml:2:1-4:12
INJECTED from src\main\AndroidManifest.xml:2:1-4:12
INJECTED from src\main\AndroidManifest.xml:2:1-4:12
INJECTED from src\main\AndroidManifest.xml:2:1-4:12
	package
		ADDED from src\main\AndroidManifest.xml:2:70-119
		INJECTED from src\main\AndroidManifest.xml
		INJECTED from src\main\AndroidManifest.xml
	android:versionName
		INJECTED from src\main\AndroidManifest.xml
		ADDED from src\main\AndroidManifest.xml:2:1-4:12
		INJECTED from src\main\AndroidManifest.xml
	android:versionCode
		INJECTED from src\main\AndroidManifest.xml
		ADDED from src\main\AndroidManifest.xml:2:1-4:12
		INJECTED from src\main\AndroidManifest.xml
	xmlns:android
		ADDED from src\main\AndroidManifest.xml:2:11-69
uses-permission#android.permission.READ_PHONE_STATE
ADDED from src\main\AndroidManifest.xml:3:3-72
	android:name
		ADDED from src\main\AndroidManifest.xml:3:20-70
uses-sdk
INJECTED from src\main\AndroidManifest.xml reason: use-sdk injection requested
INJECTED from src\main\AndroidManifest.xml
INJECTED from src\main\AndroidManifest.xml
	android:targetSdkVersion
		INJECTED from src\main\AndroidManifest.xml
		ADDED from src\main\AndroidManifest.xml
		INJECTED from src\main\AndroidManifest.xml